<?xml version="1.0" encoding="UTF-8"?>
<!-- Generated by org.testng.reporters.JUnitXMLReporter -->
<testsuite ignored="0" hostname="ATMECSINLT-917" failures="0" tests="4" name="Default test" time="915.021" errors="0" timestamp="03 Mar 2022 04:23:18 GMT">
  <testcase classname="com.DC.API.Tests.CreateUserTest" name="createNewUser" time="305.758"/>
  <testcase classname="com.DC.API.Tests.CreateUserTest" name="getNewUser" time="336.707"/>
  <testcase classname="com.DC.API.Tests.CreateUserTest" name="updateUser" time="223.542"/>
  <testcase classname="com.DC.API.Tests.CreateUserTest" name="deleteUser" time="48.966"/>
</testsuite> <!-- Default test -->
